<?xml version="1.0" encoding="UTF-8"?>
<testsuite xmlns:xsi="http://www.w3.org/2001/XMLSchema-instance" xsi:noNamespaceSchemaLocation="https://maven.apache.org/surefire/maven-surefire-plugin/xsd/surefire-test-report-3.0.xsd" version="3.0" name="MainTest" time="0.053" tests="10" errors="0" skipped="0" failures="0">
  <properties>
[...]
</properties>
  <testcase name="delete" classname="MainTest" time="0.037"/>
  <testcase name="readFromWeb" classname="MainTest" time="0"/>
  <testcase name="add" classname="MainTest" time="0"/>
  <testcase name="help" classname="MainTest" time="0.016">
    <system-out><![CDATA[Все команды вводить с маленькой буквы.
"просмотреть" - показывает ве записи на указанный день. Вводить в виде: "просмотреть день.месяц.год" (пример: просмотреть 12.12.2021).
"конвертировать" - позволяет производить перевод валют по заданному вами курсу (пример: конвертировать 12.63 BYN в RUB).
"добавить" - позволяет сделать запись на указанный момент времени. Вводить в виде: "добавить день.месяц.год-часы:минуты задача" (пример: добавить 12.12.2021-15:15 пойти в гости).
"удалить" - удаляет выбранную запись. Вводить в виде: "удалить день.месяц.год-часы:минуты" (пример: удалить 12.12.2021-15:15).
"выход" - сохраняет все изменения и завершает работу.
]]></system-out>
  </testcase>
  <testcase name="main" classname="MainTest" time="0"/>
  <testcase name="read" classname="MainTest" time="0"/>
  <testcase name="save" classname="MainTest" time="0"/>
  <testcase name="show" classname="MainTest" time="0"/>
  <testcase name="convert" classname="MainTest" time="0"/>
  <testcase name="restore" classname="MainTest" time="0"/>
</testsuite>